<?xml version="1.0" encoding="UTF-8"?>
<!-- Generated by org.testng.reporters.JUnitXMLReporter -->
<testsuite ignored="0" hostname="DESKTOP-AMM4FFP" failures="0" tests="6" name="Test" time="0.203" errors="0" timestamp="2022-03-10T12:44:09 IST">
  <testcase classname="qaclickacademy.RestAssuredTest" name="API1" time="0.026"/>
  <testcase classname="qaclickacademy.RestAssuredTest" name="API2" time="0.002"/>
  <testcase classname="qaclickacademy.AppiumTest" name="AndroidApps" time="0.001"/>
  <testcase classname="qaclickacademy.AppiumTest" name="IOSapps" time="0.001"/>
  <testcase classname="qaclickacademy.SeleniumTest" name="browserautomation" time="0.001"/>
  <testcase classname="qaclickacademy.SeleniumTest" name="elements" time="0.001"/>
</testsuite> <!-- Test -->
