<?xml version="1.0" encoding="UTF-8"?>
<testng-results ignored="0" total="6" passed="6" failed="0" skipped="0">
  <reporter-output>
  </reporter-output>
  <suite started-at="2022-03-10T12:44:08 IST" name="Suite" finished-at="2022-03-10T12:44:09 IST" duration-ms="203">
    <groups>
    </groups>
    <test started-at="2022-03-10T12:44:08 IST" name="Test" finished-at="2022-03-10T12:44:09 IST" duration-ms="203">
      <class name="qaclickacademy.AppiumTest">
        <test-method signature="AndroidApps()[pri:0, instance:qaclickacademy.AppiumTest@7133da86]" started-at="2022-03-10T12:44:09 IST" name="AndroidApps" finished-at="2022-03-10T12:44:09 IST" duration-ms="1" status="PASS">
          <reporter-output>
          </reporter-output>
        </test-method> <!-- AndroidApps -->
        <test-method signature="IOSapps()[pri:0, instance:qaclickacademy.AppiumTest@7133da86]" started-at="2022-03-10T12:44:09 IST" name="IOSapps" finished-at="2022-03-10T12:44:09 IST" duration-ms="1" status="PASS">
          <reporter-output>
          </reporter-output>
        </test-method> <!-- IOSapps -->
      </class> <!-- qaclickacademy.AppiumTest -->
      <class name="qaclickacademy.RestAssuredTest">
        <test-method signature="API1()[pri:0, instance:qaclickacademy.RestAssuredTest@662b4c69]" started-at="2022-03-10T12:44:09 IST" name="API1" finished-at="2022-03-10T12:44:09 IST" duration-ms="26" status="PASS">
          <reporter-output>
          </reporter-output>
        </test-method> <!-- API1 -->
        <test-method signature="API2()[pri:0, instance:qaclickacademy.RestAssuredTest@662b4c69]" started-at="2022-03-10T12:44:09 IST" name="API2" finished-at="2022-03-10T12:44:09 IST" duration-ms="2" status="PASS">
          <reporter-output>
          </reporter-output>
        </test-method> <!-- API2 -->
      </class> <!-- qaclickacademy.RestAssuredTest -->
      <class name="qaclickacademy.SeleniumTest">
        <test-method signature="browserautomation()[pri:0, instance:qaclickacademy.SeleniumTest@3232a28a]" started-at="2022-03-10T12:44:09 IST" name="browserautomation" finished-at="2022-03-10T12:44:09 IST" duration-ms="1" status="PASS">
          <reporter-output>
          </reporter-output>
        </test-method> <!-- browserautomation -->
        <test-method signature="elements()[pri:0, instance:qaclickacademy.SeleniumTest@3232a28a]" started-at="2022-03-10T12:44:09 IST" name="elements" finished-at="2022-03-10T12:44:09 IST" duration-ms="1" status="PASS">
          <reporter-output>
          </reporter-output>
        </test-method> <!-- elements -->
      </class> <!-- qaclickacademy.SeleniumTest -->
    </test> <!-- Test -->
  </suite> <!-- Suite -->
</testng-results>
