<?xml version="1.0" encoding="UTF-8"?>
<testng-results ignored="0" total="2" passed="2" failed="0" skipped="0">
  <reporter-output>
  </reporter-output>
  <suite started-at="2022-03-10T09:56:36 IST" name="Default suite" finished-at="2022-03-10T09:56:36 IST" duration-ms="132">
    <groups>
    </groups>
    <test started-at="2022-03-10T09:56:36 IST" name="Default test" finished-at="2022-03-10T09:56:36 IST" duration-ms="132">
      <class name="qaclickacademy.SeleniumTest">
        <test-method signature="browserautomation()[pri:0, instance:qaclickacademy.SeleniumTest@5acf93bb]" started-at="2022-03-10T09:56:36 IST" name="browserautomation" finished-at="2022-03-10T09:56:36 IST" duration-ms="18" status="PASS">
          <reporter-output>
          </reporter-output>
        </test-method> <!-- browserautomation -->
        <test-method signature="elements()[pri:0, instance:qaclickacademy.SeleniumTest@5acf93bb]" started-at="2022-03-10T09:56:36 IST" name="elements" finished-at="2022-03-10T09:56:36 IST" duration-ms="5" status="PASS">
          <reporter-output>
          </reporter-output>
        </test-method> <!-- elements -->
      </class> <!-- qaclickacademy.SeleniumTest -->
    </test> <!-- Default test -->
  </suite> <!-- Default suite -->
</testng-results>
